
> my-project@0.1.0 build C:\Users\pgven\Downloads\RullesIA-main\RullesIA-main
> next build

⚠ Warning: Next.js inferred your workspace root, but it may not be correct.
 We detected multiple lockfiles and selected the directory of C:\Users\pgven\package-lock.json as the root directory.
 To silence this warning, set `turbopack.root` in your Next.js config, or consider removing one of the lockfiles if it's not needed.
   See https://nextjs.org/docs/app/api-reference/config/next-config-js/turbopack#root-directory for more information.
 Detected additional lockfiles: 
   * C:\Users\pgven\Downloads\RullesIA-main\RullesIA-main\pnpm-lock.yaml

▲ Next.js 16.1.6 (Turbopack)

  Creating an optimized production build ...
✓ Compiled successfully in 8.5s
  Skipping validation of types
  Collecting page data using 7 workers ...
  Generating static pages using 7 workers (0/25) ...
  Generating static pages using 7 workers (6/25) 
  Generating static pages using 7 workers (12/25) 
  Generating static pages using 7 workers (18/25) 
✓ Generating static pages using 7 workers (25/25) in 1297.8ms
  Finalizing page optimization ...

Route (app)
┌ ○ /
├ ○ /_not-found
├ ƒ /api/analyze
├ ƒ /api/auth/confirm
├ ƒ /api/chat
├ ƒ /api/email
├ ƒ /api/generate-pdf
├ ƒ /api/summarize
├ ○ /assistente
├ ○ /auditoria
├ ○ /cadastro
├ ○ /clientes
├ ƒ /clientes/[id]
├ ○ /clientes/novo
├ ○ /configuracoes
├ ○ /contratos
├ ƒ /contratos/[id]
├ ○ /crm
├ ○ /dashboard
├ ○ /financeiro
├ ○ /login
├ ○ /processos
├ ƒ /processos/[id]
├ ○ /processos/novo
├ ○ /relatorios
├ ○ /templates
└ ○ /upload


○  (Static)   prerendered as static content
ƒ  (Dynamic)  server-rendered on demand

